<?xml version="1.0" encoding="UTF-8"?>
<testsuite xmlns:xsi="http://www.w3.org/2001/XMLSchema-instance" xsi:noNamespaceSchemaLocation="https://maven.apache.org/surefire/maven-surefire-plugin/xsd/surefire-test-report.xsd" version="3.0.2" name="br.com.UsuarioServiceTest" time="0.515" tests="6" errors="0" skipped="0" failures="0">
  <properties>
[...]
</properties>
  <testcase name="deveCriarUsuarioComSucesso" classname="br.com.UsuarioServiceTest" time="0.105">
    <system-out><![CDATA[Hibernate: 
    delete 
    from
        usuarios
Hibernate: 
    select
        nextval('usuarios_SEQ')
Hibernate: 
    insert 
    into
        usuarios
        (email,nome,role,id) 
    values
        (?,?,?,?)
2025-10-05 15:03:12,797 TRACE [org.hib.orm.jdb.bind] (main) binding parameter [1] as [VARCHAR] - [emilson@teste.com]
2025-10-05 15:03:12,798 TRACE [org.hib.orm.jdb.bind] (main) binding parameter [2] as [VARCHAR] - [Emilson]
2025-10-05 15:03:12,799 TRACE [org.hib.orm.jdb.bind] (main) binding parameter [3] as [VARCHAR] - [null]
2025-10-05 15:03:12,799 TRACE [org.hib.orm.jdb.bind] (main) binding parameter [4] as [BIGINT] - [51]
]]></system-out>
  </testcase>
  <testcase name="deveAtualizarUsuarioComSucesso" classname="br.com.UsuarioServiceTest" time="0.144">
    <system-out><![CDATA[Hibernate: 
    delete 
    from
        usuarios
Hibernate: 
    insert 
    into
        usuarios
        (email,nome,role,id) 
    values
        (?,?,?,?)
2025-10-05 15:03:12,884 TRACE [org.hib.orm.jdb.bind] (main) binding parameter [1] as [VARCHAR] - [email@antigo.com]
2025-10-05 15:03:12,885 TRACE [org.hib.orm.jdb.bind] (main) binding parameter [2] as [VARCHAR] - [Nome Antigo]
2025-10-05 15:03:12,885 TRACE [org.hib.orm.jdb.bind] (main) binding parameter [3] as [VARCHAR] - [null]
2025-10-05 15:03:12,886 TRACE [org.hib.orm.jdb.bind] (main) binding parameter [4] as [BIGINT] - [52]
Hibernate: 
    update
        usuarios 
    set
        email=?,
        nome=?,
        role=? 
    where
        id=?
2025-10-05 15:03:12,937 TRACE [org.hib.orm.jdb.bind] (main) binding parameter [1] as [VARCHAR] - [email@novo.com]
2025-10-05 15:03:12,938 TRACE [org.hib.orm.jdb.bind] (main) binding parameter [2] as [VARCHAR] - [Nome Novo]
2025-10-05 15:03:12,938 TRACE [org.hib.orm.jdb.bind] (main) binding parameter [3] as [VARCHAR] - [null]
2025-10-05 15:03:12,939 TRACE [org.hib.orm.jdb.bind] (main) binding parameter [4] as [BIGINT] - [52]
]]></system-out>
  </testcase>
  <testcase name="deveDeletarUsuarioComSucesso" classname="br.com.UsuarioServiceTest" time="0.07">
    <system-out><![CDATA[Hibernate: 
    delete 
    from
        usuarios
Hibernate: 
    insert 
    into
        usuarios
        (email,nome,role,id) 
    values
        (?,?,?,?)
2025-10-05 15:03:13,026 TRACE [org.hib.orm.jdb.bind] (main) binding parameter [1] as [VARCHAR] - [deletar@teste.com]
2025-10-05 15:03:13,027 TRACE [org.hib.orm.jdb.bind] (main) binding parameter [2] as [VARCHAR] - [Para Deletar]
2025-10-05 15:03:13,028 TRACE [org.hib.orm.jdb.bind] (main) binding parameter [3] as [VARCHAR] - [null]
2025-10-05 15:03:13,028 TRACE [org.hib.orm.jdb.bind] (main) binding parameter [4] as [BIGINT] - [53]
Hibernate: 
    delete 
    from
        usuarios 
    where
        id=?
2025-10-05 15:03:13,037 TRACE [org.hib.orm.jdb.bind] (main) binding parameter [1] as [BIGINT] - [53]
]]></system-out>
  </testcase>
  <testcase name="deveLancarExcecaoAoAtualizarUsuarioInexistente" classname="br.com.UsuarioServiceTest" time="0.047">
    <system-out><![CDATA[Hibernate: 
    delete 
    from
        usuarios
Hibernate: 
    select
        u1_0.id,
        u1_0.email,
        u1_0.nome,
        u1_0.role 
    from
        usuarios u1_0 
    where
        u1_0.id=?
2025-10-05 15:03:13,081 TRACE [org.hib.orm.jdb.bind] (main) binding parameter [1] as [BIGINT] - [999]
]]></system-out>
  </testcase>
  <testcase name="deveBuscarUsuarioPorIdComSucesso" classname="br.com.UsuarioServiceTest" time="0.053">
    <system-out><![CDATA[Hibernate: 
    delete 
    from
        usuarios
Hibernate: 
    insert 
    into
        usuarios
        (email,nome,role,id) 
    values
        (?,?,?,?)
2025-10-05 15:03:13,133 TRACE [org.hib.orm.jdb.bind] (main) binding parameter [1] as [VARCHAR] - [buscar@teste.com]
2025-10-05 15:03:13,134 TRACE [org.hib.orm.jdb.bind] (main) binding parameter [2] as [VARCHAR] - [Buscar Teste]
2025-10-05 15:03:13,136 TRACE [org.hib.orm.jdb.bind] (main) binding parameter [3] as [VARCHAR] - [null]
2025-10-05 15:03:13,138 TRACE [org.hib.orm.jdb.bind] (main) binding parameter [4] as [BIGINT] - [54]
]]></system-out>
  </testcase>
  <testcase name="deveListarTodosOsUsuarios" classname="br.com.UsuarioServiceTest" time="0.048">
    <system-out><![CDATA[Hibernate: 
    delete 
    from
        usuarios
Hibernate: 
    insert 
    into
        usuarios
        (email,nome,role,id) 
    values
        (?,?,?,?)
2025-10-05 15:03:13,195 TRACE [org.hib.orm.jdb.bind] (main) binding parameter [1] as [VARCHAR] - [um@teste.com]
2025-10-05 15:03:13,196 TRACE [org.hib.orm.jdb.bind] (main) binding parameter [2] as [VARCHAR] - [Usuario Um]
2025-10-05 15:03:13,196 TRACE [org.hib.orm.jdb.bind] (main) binding parameter [3] as [VARCHAR] - [null]
2025-10-05 15:03:13,196 TRACE [org.hib.orm.jdb.bind] (main) binding parameter [4] as [BIGINT] - [55]
Hibernate: 
    insert 
    into
        usuarios
        (email,nome,role,id) 
    values
        (?,?,?,?)
2025-10-05 15:03:13,202 TRACE [org.hib.orm.jdb.bind] (main) binding parameter [1] as [VARCHAR] - [dois@teste.com]
2025-10-05 15:03:13,203 TRACE [org.hib.orm.jdb.bind] (main) binding parameter [2] as [VARCHAR] - [Usuario Dois]
2025-10-05 15:03:13,204 TRACE [org.hib.orm.jdb.bind] (main) binding parameter [3] as [VARCHAR] - [null]
2025-10-05 15:03:13,204 TRACE [org.hib.orm.jdb.bind] (main) binding parameter [4] as [BIGINT] - [56]
Hibernate: 
    select
        u1_0.id,
        u1_0.email,
        u1_0.nome,
        u1_0.role 
    from
        usuarios u1_0
]]></system-out>
  </testcase>
</testsuite>